app/build/outputs/mapping/release/seeds.txt
com.catsmoker.app.CrosshairOverlayService
com.catsmoker.app.MainActivity
com.catsmoker.app.NonRootGuideActivity
com.catsmoker.app.RootLSPosedActivity
com.catsmoker.app.FeaturesActivity
com.catsmoker.app.AboutActivity
com.catsmoker.app.AboutActivity: AboutActivity()
com.catsmoker.app.NonRootGuideActivity$GameType: com.catsmoker.app.NonRootGuideActivity$GameType valueOf(java.lang.String)
com.catsmoker.app.CrosshairOverlayService: CrosshairOverlayService()
com.catsmoker.app.NonRootGuideActivity: NonRootGuideActivity()
com.catsmoker.app.NonRootGuideActivity$GameType: com.catsmoker.app.NonRootGuideActivity$GameType[] values()
com.catsmoker.app.MainActivity: MainActivity()
com.catsmoker.app.RootLSPosedActivity: RootLSPosedActivity()
com.catsmoker.app.FeaturesActivity: FeaturesActivity()
...
com.google.android.gms.internal.ads.zzatg: int zzg
com.google.android.gms.internal.ads.zzatk: com.google.android.gms.internal.ads.zzatk zzd
com.google.android.gms.internal.ads.zzbdz$zzah: int zzp
kotlinx.coroutines.channels.BufferedChannel: long bufferEnd$volatile
com.google.android.gms.internal.ads.zzbdz$zzat: com.google.android.gms.internal.ads.zzhyh zzM
com.google.android.gms.internal.ads.zzflb: com.google.android.gms.internal.ads.zzhyh zzd
com.google.android.gms.internal.ads.zziau: int zzm
com.google.android.gms.internal.ads.zzavb: com.google.android.gms.internal.ads.zzhww zze
com.google.android.gms.internal.ads.zzatg: java.lang.String zze
com.google.android.gms.internal.ads.zzhla: com.google.android.gms.internal.ads.zzhla zzd
com.google.android.gms.internal.ads.zzbdz$zzk: com.google.android.gms.internal.ads.zzhyh zzo
com.google.android.gms.internal.ads.zzibp: int zzb
com.google.android.gms.internal.ads.zzbdz$zzaf$zza: com.google.android.gms.internal.ads.zzhww zzw
com.google.android.gms.internal.ads.zzicl: int zzf
com.google.android.gms.internal.ads.zzied: com.google.android.gms.internal.ads.zzief zzi
androidx.lifecycle.ReportFragment$LifecycleCallbacks: androidx.lifecycle.ReportFragment$LifecycleCallbacks$Companion Companion
com.google.android.gms.signin.internal.zag: android.os.Parcelable$Creator CREATOR
com.google.android.gms.internal.ads.zzbdz$zzbl: int zzc
com.google.android.gms.internal.ads.zzbdz$zza: int zzh
com.google.android.gms.internal.ads.zzibq: int zzf
com.google.android.gms.internal.ads.zzidx: com.google.android.gms.internal.ads.zzidx zzc
com.google.android.gms.internal.ads.zzhkb: int zza
com.google.android.gms.internal.ads.zzbdz$zzbj: int zzc
com.google.android.gms.internal.ads.zzhmv: com.google.android.gms.internal.ads.zzhmv zzb
com.google.android.gms.internal.ads.zzfls: long zzg
com.google.android.gms.internal.ads.zzidz: com.google.android.gms.internal.ads.zzhyh zze
com.google.android.gms.internal.ads.zzavm: com.google.android.gms.internal.ads.zzhyh zzf
com.google.android.gms.internal.ads.zzbdz$zzg: com.google.android.gms.internal.ads.zzbdz$zzg zzh
com.google.android.gms.internal.ads.zzfzq: com.google.android.gms.internal.ads.zzfzq zzc
com.google.android.gms.internal.ads.zzicd: long zzd
com.google.android.gms.internal.ads.zzhmf: com.google.android.gms.internal.ads.zzhyh zzf
com.google.android.gms.internal.ads.zzbdz$zzal: com.google.android.gms.internal.ads.zzbdz$zzal zzf
com.google.android.gms.internal.ads.zzfls: long zzm
com.google.ads.mediation.admob.AdMobAdapter: java.lang.String NEW_BUNDLE
com.google.android.gms.internal.ads.zzfmp: boolean zzd
com.google.android.gms.internal.ads.zzfte: android.os.Parcelable$Creator CREATOR
com.google.android.gms.internal.ads.zzicn: com.google.android.gms.internal.ads.zzhyh zzk
com.google.android.gms.internal.ads.zzbdz$zzt: com.google.android.gms.internal.ads.zzbdz$zza zzB
com.google.android.gms.internal.ads.zzhjr: int zza
com.google.android.gms.internal.ads.zzbdz$zzb$zza: int zza
com.google.android.gms.internal.ads.zzhiz: int zza
com.google.android.gms.internal.ads.zzbak: com.google.android.gms.internal.ads.zzbak zzd
com.google.android.gms.internal.ads.zzbdz$zzbe: int zza
com.google.android.gms.internal.ads.zzbdz$zzau: com.google.android.gms.internal.ads.zzbdz$zzau zzh
com.google.android.gms.internal.ads.zzbdz$zzan: int zzf
com.google.android.gms.internal.ads.zzazw: com.google.android.gms.internal.ads.zzazw zzh
com.google.android.gms.internal.ads.zzfxt: java.lang.String zzd
com.google.android.gms.internal.ads.zzauz: long zzg
com.google.android.gms.internal.ads.zzbdz$zzbl: boolean zzd
com.google.android.gms.internal.ads.zzhmj: com.google.android.gms.internal.ads.zzhml zzc
com.google.android.gms.internal.ads.zzhlm: com.google.android.gms.internal.ads.zzhyh zze
com.google.android.gms.internal.ads.zzgtc: com.google.android.gms.internal.ads.zzgtc$zze waitersField
androidx.lifecycle.Lifecycle$Event: androidx.lifecycle.Lifecycle$Event ON_ANY