app/build/outputs/mapping/release/usage.txt
com.catsmoker.app.BuildConfig
com.catsmoker.app.CrosshairOverlayService:
    private static final java.lang.String CHANNEL_ID
    public static final java.lang.String EXTRA_SCOPE_RESOURCE_ID
    private static final int NOTIFICATION_ID
    private static final java.lang.String TAG
com.catsmoker.app.NonRootGuideActivity$GameConfig:
    public java.lang.String assetPath()
    public java.lang.String packageName()
    public java.lang.String saveDir()
    public java.lang.String saveFile()
com.catsmoker.app.NonRootGuideActivity:
    private static final int LEGACY_REQUEST_STORAGE_PERMISSION
    private static final java.lang.String TAG
    private static final java.lang.String ZARCHIVER_PACKAGE
com.catsmoker.app.R$array:
    public static int scope
    private void <init>()
com.catsmoker.app.R$color:
    public static int backgroundColor
    public static int black
    public static int colorOnPrimary
    public static int colorOnSecondary
    public static int colorOnSurface
    public static int colorPrimary
    public static int colorPrimaryVariant
    public static int colorSecondaryVariant
    public static int colorSurface
    public static int white
    private void <init>()
com.catsmoker.app.R$drawable:
    public static int icon
    public static int splash_background
    private void <init>()
com.catsmoker.app.R$id:
    public static int about_header_title
    public static int about_text
    public static int card_actions
    public static int card_info
    public static int card_instructions
    public static int card_selection
    public static int card_status
    public static int crosshair_card
    public static int features_header_title
    public static int features_title
    public static int instructions
    public static int instructions_title
    public static int lsposed_header_title
    public static int scope1
    public static int scope2
    public static int scope3
    public static int scope4
    public static int scope_image_container
    public static int scope_scroll_view
    public static int supports_card
    public static int supports_label
    private void <init>()
com.catsmoker.app.R$layout:
    public static int view_flipper
    private void <init>()
com.catsmoker.app.R$mipmap
com.catsmoker.app.R$string:
    public static int about_button_text
    public static int about_header_title
    public static int about_text
    public static int accessibility_service_description
    public static int app_name
    public static int apply_dns_button_text
    public static int apply_with_saf_button_text
    public static int apply_with_shizuku_button_text
    public static int back_button_text
    public static int crosshair_description
    public static int crosshair_scope_1_description
    public static int crosshair_scope_2_description
    public static int crosshair_scope_3_description
    public static int crosshair_scope_4_description
    public static int dns_changer_title
    public static int exit_button_text
    public static int features_button_text
    public static int features_header_title
    public static int game_launcher_toast_coming_soon
    public static int install_lsposed_guide_button_text
    public static int launch_game_button_text
    public static int lsposed_instructions
    public static int lte_cleaner_button_text
    public static int lte_cleaner_description
    public static int lte_cleaner_title
    public static int non_root_button_text
    public static int non_root_file_manager_title
    public static int non_root_instructions
    public static int paste_to_downloads_button_text
    public static int refresh_status_button_text
    public static int root_button_text
    public static int root_lsposed_method_title
com.catsmoker.app.R$style
com.catsmoker.app.R$xml
com.catsmoker.app.R
com.catsmoker.app.XposedModule
com.catsmoker.app.databinding.ActivityAboutBinding
com.catsmoker.app.databinding.ActivityFeaturesBinding
com.catsmoker.app.databinding.ActivityMainBinding
...
androidx.core.app.NotificationCompat$Api28Impl
androidx.core.app.NotificationCompat$Api29Impl
androidx.core.app.NotificationCompat$Api31Impl
androidx.core.app.NotificationCompat$Api36Impl
androidx.core.app.NotificationCompat$BadgeIconType
androidx.core.app.NotificationCompat$BigPictureStyle$Api23Impl:
    private void <init>()
androidx.core.app.NotificationCompat$BigPictureStyle$Api31Impl:
    private void <init>()
androidx.core.app.NotificationCompat$BigPictureStyle:
    private static final java.lang.String TEMPLATE_CLASS_NAME
    public void <init>(androidx.core.app.NotificationCompat$Builder)
    private static androidx.core.graphics.drawable.IconCompat asIconCompat(android.os.Parcelable)
    public androidx.core.app.NotificationCompat$BigPictureStyle bigLargeIcon(android.graphics.drawable.Icon)
    public androidx.core.app.NotificationCompat$BigPictureStyle bigPicture(android.graphics.drawable.Icon)
    protected void clearCompatExtraKeys(android.os.Bundle)
    public static androidx.core.graphics.drawable.IconCompat getPictureIcon(android.os.Bundle)
    protected void restoreFromCompatExtras(android.os.Bundle)
    public androidx.core.app.NotificationCompat$BigPictureStyle setBigContentTitle(java.lang.CharSequence)
    public androidx.core.app.NotificationCompat$BigPictureStyle setContentDescription(java.lang.CharSequence)
    public androidx.core.app.NotificationCompat$BigPictureStyle setSummaryText(java.lang.CharSequence)
    public androidx.core.app.NotificationCompat$BigPictureStyle showBigPictureWhenCollapsed(boolean)
androidx.core.app.NotificationCompat$BigTextStyle:
    private static final java.lang.String TEMPLATE_CLASS_NAME
    public void <init>(androidx.core.app.NotificationCompat$Builder)
    protected void clearCompatExtraKeys(android.os.Bundle)
    protected void restoreFromCompatExtras(android.os.Bundle)
    public androidx.core.app.NotificationCompat$BigTextStyle setBigContentTitle(java.lang.CharSequence)
    public androidx.core.app.NotificationCompat$BigTextStyle setSummaryText(java.lang.CharSequence)
androidx.core.app.NotificationCompat$BubbleMetadata$Api29Impl:
    private void <init>()
    static androidx.core.app.NotificationCompat$BubbleMetadata fromPlatform(android.app.Notification$BubbleMetadata)
androidx.core.app.NotificationCompat$BubbleMetadata$Api30Impl:
    private void <init>()
    static androidx.core.app.NotificationCompat$BubbleMetadata fromPlatform(android.app.Notification$BubbleMetadata)
androidx.core.app.NotificationCompat$BubbleMetadata$Builder
androidx.core.app.NotificationCompat$BubbleMetadata:
    private static final int FLAG_AUTO_EXPAND_BUBBLE
    private static final int FLAG_SUPPRESS_NOTIFICATION
    private android.app.PendingIntent mDeleteIntent
    private int mDesiredHeight
    private int mDesiredHeightResId
    private int mFlags
    private androidx.core.graphics.drawable.IconCompat mIcon
    private android.app.PendingIntent mPendingIntent
    private java.lang.String mShortcutId
    private void <init>(android.app.PendingIntent,android.app.PendingIntent,androidx.core.graphics.drawable.IconCompat,int,int,int,java.lang.String)
    synthetic void <init>(android.app.PendingIntent,android.app.PendingIntent,androidx.core.graphics.drawable.IconCompat,int,int,int,java.lang.String,androidx.core.app.NotificationCompat$1)
    public static androidx.core.app.NotificationCompat$BubbleMetadata fromPlatform(android.app.Notification$BubbleMetadata)
    public void setFlags(int)
androidx.core.app.NotificationCompat$Builder$Api21Impl
androidx.core.app.NotificationCompat$Builder$Api23Impl
androidx.core.app.NotificationCompat$Builder$Api24Impl